00:01:44	
An error occurred while updating the entries. See the inner exception for details.
   在 System.Data.Entity.Internal.InternalContext.SaveChanges()
   在 System.Data.Entity.Internal.LazyInternalContext.SaveChanges()
   在 System.Data.Entity.DbContext.SaveChanges()
   在 EMP2016.API.BLL.Repository`1.Create(TObject tobject) 位置 d:\Newcap\路灯\API\BLL\Repository.cs:行号 382
00:09:08	
An error occurred while updating the entries. See the inner exception for details.
   在 System.Data.Entity.Internal.InternalContext.SaveChanges()
   在 System.Data.Entity.Internal.LazyInternalContext.SaveChanges()
   在 System.Data.Entity.DbContext.SaveChanges()
   在 EMP2016.API.BLL.Repository`1.Create(TObject tobject) 位置 d:\Newcap\路灯\API\BLL\Repository.cs:行号 382
15:31:34	
An error occurred while updating the entries. See the inner exception for details.
   在 System.Data.Entity.Internal.InternalContext.SaveChanges()
   在 System.Data.Entity.Internal.LazyInternalContext.SaveChanges()
   在 System.Data.Entity.DbContext.SaveChanges()
   在 EMP2016.API.BLL.Repository`1.Create(TObject tobject) 位置 d:\Newcap\路灯\API\BLL\Repository.cs:行号 382
16:29:26	
An error occurred while updating the entries. See the inner exception for details.
   在 System.Data.Entity.Internal.InternalContext.SaveChanges()
   在 System.Data.Entity.Internal.LazyInternalContext.SaveChanges()
   在 System.Data.Entity.DbContext.SaveChanges()
   在 EMP2016.API.BLL.Repository`1.Create(TObject tobject) 位置 d:\Newcap\路灯\API\BLL\Repository.cs:行号 382
16:31:03	
An error occurred while updating the entries. See the inner exception for details.
   在 System.Data.Entity.Internal.InternalContext.SaveChanges()
   在 System.Data.Entity.Internal.LazyInternalContext.SaveChanges()
   在 System.Data.Entity.DbContext.SaveChanges()
   在 EMP2016.API.BLL.Repository`1.Create(TObject tobject) 位置 d:\Newcap\路灯\API\BLL\Repository.cs:行号 382
16:57:59	
An error occurred while updating the entries. See the inner exception for details.
   在 System.Data.Entity.Internal.InternalContext.SaveChanges()
   在 System.Data.Entity.Internal.LazyInternalContext.SaveChanges()
   在 System.Data.Entity.DbContext.SaveChanges()
   在 EMP2016.API.BLL.Repository`1.Create(TObject tobject) 位置 d:\Newcap\路灯\API\BLL\Repository.cs:行号 382
16:58:21	
An error occurred while updating the entries. See the inner exception for details.
   在 System.Data.Entity.Internal.InternalContext.SaveChanges()
   在 System.Data.Entity.Internal.LazyInternalContext.SaveChanges()
   在 System.Data.Entity.DbContext.SaveChanges()
   在 EMP2016.API.BLL.Repository`1.Create(TObject tobject) 位置 d:\Newcap\路灯\API\BLL\Repository.cs:行号 382
