15:13:04	
An error occurred while starting a transaction on the provider connection. See the inner exception for details.
   在 System.Data.Entity.Core.EntityClient.EntityConnection.BeginDbTransaction(IsolationLevel isolationLevel)
   在 System.Data.Common.DbConnection.BeginTransaction()
   在 System.Data.Entity.Core.EntityClient.EntityConnection.BeginTransaction()
   在 System.Data.Entity.Core.Objects.ObjectContext.ExecuteInTransaction[T](Func`1 func, IDbExecutionStrategy executionStrategy, Boolean startLocalTransaction, Boolean releaseConnectionOnSuccess)
   在 System.Data.Entity.Core.Objects.ObjectContext.SaveChangesToStore(SaveOptions options, IDbExecutionStrategy executionStrategy, Boolean startLocalTransaction)
   在 System.Data.Entity.Core.Objects.ObjectContext.<>c__DisplayClass2a.<SaveChangesInternal>b__27()
   在 System.Data.Entity.SqlServer.DefaultSqlExecutionStrategy.Execute[TResult](Func`1 operation)
   在 System.Data.Entity.Core.Objects.ObjectContext.SaveChangesInternal(SaveOptions options, Boolean executeInExistingTransaction)
   在 System.Data.Entity.Core.Objects.ObjectContext.SaveChanges(SaveOptions options)
   在 System.Data.Entity.Internal.InternalContext.SaveChanges()
   在 System.Data.Entity.Internal.LazyInternalContext.SaveChanges()
   在 System.Data.Entity.DbContext.SaveChanges()
   在 EMP2016.API.BLL.Repository`1.Create(TObject tobject) 位置 d:\Newcap\路灯\API\BLL\Repository.cs:行号 382
15:14:53	
An error occurred while starting a transaction on the provider connection. See the inner exception for details.
   在 System.Data.Entity.Core.EntityClient.EntityConnection.BeginDbTransaction(IsolationLevel isolationLevel)
   在 System.Data.Common.DbConnection.BeginTransaction()
   在 System.Data.Entity.Core.EntityClient.EntityConnection.BeginTransaction()
   在 System.Data.Entity.Core.Objects.ObjectContext.ExecuteInTransaction[T](Func`1 func, IDbExecutionStrategy executionStrategy, Boolean startLocalTransaction, Boolean releaseConnectionOnSuccess)
   在 System.Data.Entity.Core.Objects.ObjectContext.SaveChangesToStore(SaveOptions options, IDbExecutionStrategy executionStrategy, Boolean startLocalTransaction)
   在 System.Data.Entity.Core.Objects.ObjectContext.<>c__DisplayClass2a.<SaveChangesInternal>b__27()
   在 System.Data.Entity.SqlServer.DefaultSqlExecutionStrategy.Execute[TResult](Func`1 operation)
   在 System.Data.Entity.Core.Objects.ObjectContext.SaveChangesInternal(SaveOptions options, Boolean executeInExistingTransaction)
   在 System.Data.Entity.Core.Objects.ObjectContext.SaveChanges(SaveOptions options)
   在 System.Data.Entity.Internal.InternalContext.SaveChanges()
   在 System.Data.Entity.Internal.LazyInternalContext.SaveChanges()
   在 System.Data.Entity.DbContext.SaveChanges()
   在 EMP2016.API.BLL.Repository`1.Create(TObject tobject) 位置 d:\Newcap\路灯\API\BLL\Repository.cs:行号 382
15:15:37	
An error occurred while starting a transaction on the provider connection. See the inner exception for details.
   在 System.Data.Entity.Core.EntityClient.EntityConnection.BeginDbTransaction(IsolationLevel isolationLevel)
   在 System.Data.Common.DbConnection.BeginTransaction()
   在 System.Data.Entity.Core.EntityClient.EntityConnection.BeginTransaction()
   在 System.Data.Entity.Core.Objects.ObjectContext.ExecuteInTransaction[T](Func`1 func, IDbExecutionStrategy executionStrategy, Boolean startLocalTransaction, Boolean releaseConnectionOnSuccess)
   在 System.Data.Entity.Core.Objects.ObjectContext.SaveChangesToStore(SaveOptions options, IDbExecutionStrategy executionStrategy, Boolean startLocalTransaction)
   在 System.Data.Entity.Core.Objects.ObjectContext.<>c__DisplayClass2a.<SaveChangesInternal>b__27()
   在 System.Data.Entity.SqlServer.DefaultSqlExecutionStrategy.Execute[TResult](Func`1 operation)
   在 System.Data.Entity.Core.Objects.ObjectContext.SaveChangesInternal(SaveOptions options, Boolean executeInExistingTransaction)
   在 System.Data.Entity.Core.Objects.ObjectContext.SaveChanges(SaveOptions options)
   在 System.Data.Entity.Internal.InternalContext.SaveChanges()
   在 System.Data.Entity.Internal.LazyInternalContext.SaveChanges()
   在 System.Data.Entity.DbContext.SaveChanges()
   在 EMP2016.API.BLL.Repository`1.Create(TObject tobject) 位置 d:\Newcap\路灯\API\BLL\Repository.cs:行号 382
15:22:29	
An error occurred while starting a transaction on the provider connection. See the inner exception for details.
   在 System.Data.Entity.Core.EntityClient.EntityConnection.BeginDbTransaction(IsolationLevel isolationLevel)
   在 System.Data.Common.DbConnection.BeginTransaction()
   在 System.Data.Entity.Core.EntityClient.EntityConnection.BeginTransaction()
   在 System.Data.Entity.Core.Objects.ObjectContext.ExecuteInTransaction[T](Func`1 func, IDbExecutionStrategy executionStrategy, Boolean startLocalTransaction, Boolean releaseConnectionOnSuccess)
   在 System.Data.Entity.Core.Objects.ObjectContext.SaveChangesToStore(SaveOptions options, IDbExecutionStrategy executionStrategy, Boolean startLocalTransaction)
   在 System.Data.Entity.Core.Objects.ObjectContext.<>c__DisplayClass2a.<SaveChangesInternal>b__27()
   在 System.Data.Entity.SqlServer.DefaultSqlExecutionStrategy.Execute[TResult](Func`1 operation)
   在 System.Data.Entity.Core.Objects.ObjectContext.SaveChangesInternal(SaveOptions options, Boolean executeInExistingTransaction)
   在 System.Data.Entity.Core.Objects.ObjectContext.SaveChanges(SaveOptions options)
   在 System.Data.Entity.Internal.InternalContext.SaveChanges()
   在 System.Data.Entity.Internal.LazyInternalContext.SaveChanges()
   在 System.Data.Entity.DbContext.SaveChanges()
   在 EMP2016.API.BLL.Repository`1.Create(TObject tobject) 位置 d:\Newcap\路灯\API\BLL\Repository.cs:行号 382
15:28:24	
An error occurred while starting a transaction on the provider connection. See the inner exception for details.
   在 System.Data.Entity.Core.EntityClient.EntityConnection.BeginDbTransaction(IsolationLevel isolationLevel)
   在 System.Data.Common.DbConnection.BeginTransaction()
   在 System.Data.Entity.Core.EntityClient.EntityConnection.BeginTransaction()
   在 System.Data.Entity.Core.Objects.ObjectContext.ExecuteInTransaction[T](Func`1 func, IDbExecutionStrategy executionStrategy, Boolean startLocalTransaction, Boolean releaseConnectionOnSuccess)
   在 System.Data.Entity.Core.Objects.ObjectContext.SaveChangesToStore(SaveOptions options, IDbExecutionStrategy executionStrategy, Boolean startLocalTransaction)
   在 System.Data.Entity.Core.Objects.ObjectContext.<>c__DisplayClass2a.<SaveChangesInternal>b__27()
   在 System.Data.Entity.SqlServer.DefaultSqlExecutionStrategy.Execute[TResult](Func`1 operation)
   在 System.Data.Entity.Core.Objects.ObjectContext.SaveChangesInternal(SaveOptions options, Boolean executeInExistingTransaction)
   在 System.Data.Entity.Core.Objects.ObjectContext.SaveChanges(SaveOptions options)
   在 System.Data.Entity.Internal.InternalContext.SaveChanges()
   在 System.Data.Entity.Internal.LazyInternalContext.SaveChanges()
   在 System.Data.Entity.DbContext.SaveChanges()
   在 EMP2016.API.BLL.Repository`1.Create(TObject tobject) 位置 d:\Newcap\路灯\API\BLL\Repository.cs:行号 382
15:44:47	
An error occurred while starting a transaction on the provider connection. See the inner exception for details.
   在 System.Data.Entity.Core.EntityClient.EntityConnection.BeginDbTransaction(IsolationLevel isolationLevel)
   在 System.Data.Common.DbConnection.BeginTransaction()
   在 System.Data.Entity.Core.EntityClient.EntityConnection.BeginTransaction()
   在 System.Data.Entity.Core.Objects.ObjectContext.ExecuteInTransaction[T](Func`1 func, IDbExecutionStrategy executionStrategy, Boolean startLocalTransaction, Boolean releaseConnectionOnSuccess)
   在 System.Data.Entity.Core.Objects.ObjectContext.SaveChangesToStore(SaveOptions options, IDbExecutionStrategy executionStrategy, Boolean startLocalTransaction)
   在 System.Data.Entity.Core.Objects.ObjectContext.<>c__DisplayClass2a.<SaveChangesInternal>b__27()
   在 System.Data.Entity.SqlServer.DefaultSqlExecutionStrategy.Execute[TResult](Func`1 operation)
   在 System.Data.Entity.Core.Objects.ObjectContext.SaveChangesInternal(SaveOptions options, Boolean executeInExistingTransaction)
   在 System.Data.Entity.Core.Objects.ObjectContext.SaveChanges(SaveOptions options)
   在 System.Data.Entity.Internal.InternalContext.SaveChanges()
   在 System.Data.Entity.Internal.LazyInternalContext.SaveChanges()
   在 System.Data.Entity.DbContext.SaveChanges()
   在 EMP2016.API.BLL.Repository`1.Create(TObject tobject) 位置 d:\Newcap\路灯\API\BLL\Repository.cs:行号 382
22:33:28	
An error occurred while updating the entries. See the inner exception for details.
   在 System.Data.Entity.Internal.InternalContext.SaveChanges()
   在 System.Data.Entity.Internal.LazyInternalContext.SaveChanges()
   在 System.Data.Entity.DbContext.SaveChanges()
   在 EMP2016.API.BLL.Repository`1.Create(TObject tobject) 位置 d:\Newcap\路灯\API\BLL\Repository.cs:行号 382
22:39:45	
An error occurred while updating the entries. See the inner exception for details.
   在 System.Data.Entity.Internal.InternalContext.SaveChanges()
   在 System.Data.Entity.Internal.LazyInternalContext.SaveChanges()
   在 System.Data.Entity.DbContext.SaveChanges()
   在 EMP2016.API.BLL.Repository`1.Create(TObject tobject) 位置 d:\Newcap\路灯\API\BLL\Repository.cs:行号 382
22:40:44	
An error occurred while updating the entries. See the inner exception for details.
   在 System.Data.Entity.Internal.InternalContext.SaveChanges()
   在 System.Data.Entity.Internal.LazyInternalContext.SaveChanges()
   在 System.Data.Entity.DbContext.SaveChanges()
   在 EMP2016.API.BLL.Repository`1.Create(TObject tobject) 位置 d:\Newcap\路灯\API\BLL\Repository.cs:行号 382
